<?xml version="1.0" encoding="UTF-8"?>
<testsuite name="Test.ReaderFactoryTest" tests="4" skipped="0" failures="0" errors="0" timestamp="2020-02-27T22:10:16" hostname="DESKTOP-QVI9PDE" time="0.076">
  <properties/>
  <testcase name="testIncorrectFactory" classname="Test.ReaderFactoryTest" time="0.065"/>
  <testcase name="testReaderFactory" classname="Test.ReaderFactoryTest" time="0.002"/>
  <testcase name="testIncorrectFactory" classname="Test.ReaderFactoryTest" time="0.001"/>
  <testcase name="testReaderFactory" classname="Test.ReaderFactoryTest" time="0.001"/>
  <system-out><![CDATA[]]></system-out>
  <system-err><![CDATA[]]></system-err>
</testsuite>
