<?xml version="1.0" encoding="UTF-8"?>
<testsuite name="Test.ConfigValuesTest" tests="2" skipped="0" failures="0" errors="0" timestamp="2020-02-27T22:10:16" hostname="DESKTOP-QVI9PDE" time="0.231">
  <properties/>
  <testcase name="testConfigValues" classname="Test.ConfigValuesTest" time="0.001"/>
  <testcase name="testConfigValues" classname="Test.ConfigValuesTest" time="0.0"/>
  <system-out><![CDATA[]]></system-out>
  <system-err><![CDATA[]]></system-err>
</testsuite>
